<?xml version="1.0" encoding="UTF-8"?>
<!-- Generated by org.testng.reporters.JUnitXMLReporter -->
<testsuite hostname="EG5CG8352JD3" ignored="2" name="Regression1" tests="3" failures="0" timestamp="14 Dec 2020 17:42:01 GMT" time="18.001" errors="0">
  <testcase name="inValid_Login" time="6.5" classname="opencart.testcases.LoginTest"/>
  <testcase name="register_With_Erros" time="6.583" classname="opencart.testcases.RegisterTest"/>
  <testcase name="valid_Login" time="4.48" classname="opencart.testcases.LoginTest"/>
  <testcase name="@AfterSuite quitedriver" time="0.0" classname="opencart.Base.TestBase">
    <ignored/>
  </testcase> <!-- @AfterSuite quitedriver -->
  <testcase name="@BeforeSuite startdriver" time="0.0" classname="opencart.Base.TestBase">
    <ignored/>
  </testcase> <!-- @BeforeSuite startdriver -->
</testsuite> <!-- Regression1 -->
