<?xml version="1.0" encoding="UTF-8"?>
<testng-results skipped="0" failed="0" ignored="0" total="2" passed="2">
  <reporter-output>
  </reporter-output>
  <suite name="Default suite" duration-ms="18852" started-at="2020-12-22T20:35:04Z" finished-at="2020-12-22T20:35:22Z">
    <groups>
    </groups>
    <test name="Default test" duration-ms="18852" started-at="2020-12-22T20:35:04Z" finished-at="2020-12-22T20:35:22Z">
      <class name="opencart.testcases.LoginTest">
        <test-method status="PASS" signature="startdriver()[pri:0, instance:opencart.testcases.LoginTest@60dcc9fe]" name="startdriver" is-config="true" duration-ms="11035" started-at="2020-12-22T20:34:52Z" finished-at="2020-12-22T20:35:04Z">
          <reporter-output>
          </reporter-output>
        </test-method> <!-- startdriver -->
        <test-method status="PASS" signature="inValid_Login()[pri:0, instance:opencart.testcases.LoginTest@60dcc9fe]" name="inValid_Login" duration-ms="6654" started-at="2020-12-22T20:35:04Z" finished-at="2020-12-22T20:35:10Z">
          <reporter-output>
          </reporter-output>
        </test-method> <!-- inValid_Login -->
        <test-method status="PASS" signature="valid_Login(java.lang.String, java.lang.String)[pri:1, instance:opencart.testcases.LoginTest@60dcc9fe]" name="valid_Login" duration-ms="10316" started-at="2020-12-22T20:35:12Z" data-provider="validLogin" finished-at="2020-12-22T20:35:22Z">
          <params>
            <param index="0">
              <value>
                <![CDATA[hadeer.mohamed@dxc.com]]>
              </value>
            </param>
            <param index="1">
              <value>
                <![CDATA[123456]]>
              </value>
            </param>
          </params>
          <reporter-output>
          </reporter-output>
        </test-method> <!-- valid_Login -->
        <test-method status="PASS" signature="quitedriver()[pri:0, instance:opencart.testcases.LoginTest@60dcc9fe]" name="quitedriver" is-config="true" duration-ms="2082" started-at="2020-12-22T20:35:22Z" finished-at="2020-12-22T20:35:25Z">
          <reporter-output>
          </reporter-output>
        </test-method> <!-- quitedriver -->
      </class> <!-- opencart.testcases.LoginTest -->
    </test> <!-- Default test -->
  </suite> <!-- Default suite -->
</testng-results>
