<?xml version="1.0" encoding="UTF-8"?>
<!-- Generated by org.testng.reporters.JUnitXMLReporter -->
<testsuite hostname="EG5CG8352JD3" ignored="2" name="test suite 1" tests="2" failures="0" timestamp="19 Dec 2020 21:31:22 GMT" time="25.983" errors="0">
  <testcase name="search_By_Name" time="1.707" classname="opencart.testcases.SearchByName"/>
  <testcase name="search_Subcategory" time="2.916" classname="opencart.testcases.SearchSubcategoryTest"/>
  <testcase name="@AfterSuite quitedriver" time="0.0" classname="opencart.Base.TestBase">
    <ignored/>
  </testcase> <!-- @AfterSuite quitedriver -->
  <testcase name="@BeforeSuite startdriver" time="0.0" classname="opencart.Base.TestBase">
    <ignored/>
  </testcase> <!-- @BeforeSuite startdriver -->
</testsuite> <!-- test suite 1 -->
